<?xml version="1.0" encoding="UTF-8"?>
<testng-results skipped="0" failed="0" ignored="0" total="5" passed="5">
  <reporter-output>
  </reporter-output>
  <suite name="SDET_BankingProject" duration-ms="89585" started-at="2020-08-13T10:54:39Z" finished-at="2020-08-13T10:56:09Z">
    <groups>
    </groups>
    <test name="BankingApp Test" duration-ms="89585" started-at="2020-08-13T10:54:39Z" finished-at="2020-08-13T10:56:09Z">
      <class name="com.banking.TestCases.TC_LoginDDT_002">
        <test-method status="PASS" signature="setUp(java.lang.String)[pri:0, instance:com.banking.TestCases.TC_LoginDDT_002@59ec2012]" name="setUp" is-config="true" duration-ms="1424" started-at="2020-08-13T10:54:39Z" finished-at="2020-08-13T10:54:41Z">
          <params>
            <param index="0">
              <value>
                <![CDATA[chrome]]>
              </value>
            </param>
          </params>
          <reporter-output>
          </reporter-output>
        </test-method> <!-- setUp -->
        <test-method status="PASS" signature="loginDDT(java.lang.String, java.lang.String)[pri:0, instance:com.banking.TestCases.TC_LoginDDT_002@59ec2012]" name="loginDDT" duration-ms="17452" started-at="2020-08-13T10:54:42Z" data-provider="LoginData" finished-at="2020-08-13T10:54:59Z">
          <params>
            <param index="0">
              <value>
                <![CDATA[mngr164225]]>
              </value>
            </param>
            <param index="1">
              <value>
                <![CDATA[jahetAp]]>
              </value>
            </param>
          </params>
          <reporter-output>
          </reporter-output>
        </test-method> <!-- loginDDT -->
        <test-method status="PASS" signature="loginDDT(java.lang.String, java.lang.String)[pri:0, instance:com.banking.TestCases.TC_LoginDDT_002@59ec2012]" name="loginDDT" duration-ms="14794" started-at="2020-08-13T10:54:59Z" data-provider="LoginData" finished-at="2020-08-13T10:55:14Z">
          <params>
            <param index="0">
              <value>
                <![CDATA[mngr83460]]>
              </value>
            </param>
            <param index="1">
              <value>
                <![CDATA[qAbUzyj]]>
              </value>
            </param>
          </params>
          <reporter-output>
          </reporter-output>
        </test-method> <!-- loginDDT -->
        <test-method status="PASS" signature="loginDDT(java.lang.String, java.lang.String)[pri:0, instance:com.banking.TestCases.TC_LoginDDT_002@59ec2012]" name="loginDDT" duration-ms="18832" started-at="2020-08-13T10:55:14Z" data-provider="LoginData" finished-at="2020-08-13T10:55:33Z">
          <params>
            <param index="0">
              <value>
                <![CDATA[mngr137319]]>
              </value>
            </param>
            <param index="1">
              <value>
                <![CDATA[bAdYvyb]]>
              </value>
            </param>
          </params>
          <reporter-output>
          </reporter-output>
        </test-method> <!-- loginDDT -->
        <test-method status="PASS" signature="loginDDT(java.lang.String, java.lang.String)[pri:0, instance:com.banking.TestCases.TC_LoginDDT_002@59ec2012]" name="loginDDT" duration-ms="19275" started-at="2020-08-13T10:55:33Z" data-provider="LoginData" finished-at="2020-08-13T10:55:52Z">
          <params>
            <param index="0">
              <value>
                <![CDATA[mngr164225]]>
              </value>
            </param>
            <param index="1">
              <value>
                <![CDATA[jahetAp]]>
              </value>
            </param>
          </params>
          <reporter-output>
          </reporter-output>
        </test-method> <!-- loginDDT -->
        <test-method status="PASS" signature="loginDDT(java.lang.String, java.lang.String)[pri:0, instance:com.banking.TestCases.TC_LoginDDT_002@59ec2012]" name="loginDDT" duration-ms="16627" started-at="2020-08-13T10:55:52Z" data-provider="LoginData" finished-at="2020-08-13T10:56:09Z">
          <params>
            <param index="0">
              <value>
                <![CDATA[mngr112909]]>
              </value>
            </param>
            <param index="1">
              <value>
                <![CDATA[tytUreg]]>
              </value>
            </param>
          </params>
          <reporter-output>
          </reporter-output>
        </test-method> <!-- loginDDT -->
        <test-method status="PASS" signature="tearDown()[pri:0, instance:com.banking.TestCases.TC_LoginDDT_002@59ec2012]" name="tearDown" is-config="true" duration-ms="170" started-at="2020-08-13T10:56:09Z" finished-at="2020-08-13T10:56:09Z">
          <reporter-output>
          </reporter-output>
        </test-method> <!-- tearDown -->
      </class> <!-- com.banking.TestCases.TC_LoginDDT_002 -->
    </test> <!-- BankingApp Test -->
  </suite> <!-- SDET_BankingProject -->
</testng-results>
